0 info it worked if it ends with ok
1 verbose cli [ '/usr/bin/nodejs', '/usr/bin/npm', 'run', 'build' ]
2 info using npm@2.14.7
3 info using node@v4.2.1
4 verbose run-script [ 'prebuild', 'build', 'postbuild' ]
5 info prebuild node_express_flickr@0.1.0
6 info build node_express_flickr@0.1.0
7 verbose unsafe-perm in lifecycle true
8 info node_express_flickr@0.1.0 Failed to exec build script
9 verbose stack Error: node_express_flickr@0.1.0 build: `react-scripts build`
9 verbose stack Exit status 1
9 verbose stack     at EventEmitter.<anonymous> (/usr/lib/node_modules/npm/lib/utils/lifecycle.js:214:16)
9 verbose stack     at emitTwo (events.js:87:13)
9 verbose stack     at EventEmitter.emit (events.js:172:7)
9 verbose stack     at ChildProcess.<anonymous> (/usr/lib/node_modules/npm/lib/utils/spawn.js:24:14)
9 verbose stack     at emitTwo (events.js:87:13)
9 verbose stack     at ChildProcess.emit (events.js:172:7)
9 verbose stack     at maybeClose (internal/child_process.js:818:16)
9 verbose stack     at Process.ChildProcess._handle.onexit (internal/child_process.js:211:5)
10 verbose pkgid node_express_flickr@0.1.0
11 verbose cwd /home/camilo/TecWeb/myApp
12 error Linux 3.16.0-4-amd64
13 error argv "/usr/bin/nodejs" "/usr/bin/npm" "run" "build"
14 error node v4.2.1
15 error npm  v2.14.7
16 error code ELIFECYCLE
17 error node_express_flickr@0.1.0 build: `react-scripts build`
17 error Exit status 1
18 error Failed at the node_express_flickr@0.1.0 build script 'react-scripts build'.
18 error This is most likely a problem with the node_express_flickr package,
18 error not with npm itself.
18 error Tell the author that this fails on your system:
18 error     react-scripts build
18 error You can get their info via:
18 error     npm owner ls node_express_flickr
18 error There is likely additional logging output above.
19 verbose exit [ 1, true ]
